This is pdfTeX, Version 3.141592653-2.6-1.40.22 (MiKTeX 21.2) (preloaded format=pdflatex 2021.4.17)  3 JAN 2022 17:37
entering extended mode
**./Hauptdatei.tex
(Hauptdatei.tex
LaTeX2e <2020-10-01> patch level 4
L3 programming layer <2021-02-18> xparse <2020-03-03>
(C:\Users\Max\AppData\Local\Programs\MiKTeX\tex/latex/koma-script\scrartcl.cls
Document Class: scrartcl 2021/03/17 v3.33 KOMA-Script document class (article)
(C:\Users\Max\AppData\Local\Programs\MiKTeX\tex/latex/koma-script\scrkbase.sty
Package: scrkbase 2021/03/17 v3.33 KOMA-Script package (KOMA-Script-dependent b
asics and keyval usage)

(C:\Users\Max\AppData\Local\Programs\MiKTeX\tex/latex/koma-script\scrbase.sty
Package: scrbase 2021/03/17 v3.33 KOMA-Script package (KOMA-Script-independent 
basics and keyval usage)

(C:\Users\Max\AppData\Local\Programs\MiKTeX\tex/latex/koma-script\scrlfile.sty
Package: scrlfile 2021/03/17 v3.33 KOMA-Script package (file load hooks)

(C:\Users\Max\AppData\Local\Programs\MiKTeX\tex/latex/koma-script\scrlfile-hook
.sty
Package: scrlfile-hook 2021/03/17 v3.33 KOMA-Script package (using LaTeX hooks)


LaTeX3 Info: Defining command \BeforeFile with sig. 'm' on line 61.


LaTeX3 Info: Defining command \AfterFile with sig. 'm' on line 65.


LaTeX3 Info: Defining command \BeforeClass with sig. 'm' on line 69.


LaTeX3 Info: Defining command \BeforePackage with sig. 'm' on line 73.


LaTeX3 Info: Defining command \AfterAtEndOfClass with sig. 'smo+m' on line 83.


LaTeX3 Info: Defining command \AfterAtEndOfPackage with sig. 'smo+m' on line
(LaTeX3)     93.


LaTeX3 Info: Defining command \scrlfile@AfterClass with sig. 'smo+m' on line
(LaTeX3)     173.


LaTeX3 Info: Defining command \AfterClass with sig. '' on line 174.


LaTeX3 Info: Defining command \scrlfile@AfterPackage with sig. 'smo+m' on line
(LaTeX3)     191.


LaTeX3 Info: Defining command \AfterPackage with sig. '' on line 192.


LaTeX3 Info: Defining command \ReplaceInput with sig. '' on line 193.


LaTeX3 Info: Defining command \ReplaceClass with sig. 'mm' on line 196.


LaTeX3 Info: Defining command \ReplacePackage with sig. 'mm' on line 199.


LaTeX3 Info: Defining command \UnReplaceInput with sig. '' on line 200.


LaTeX3 Info: Defining command \UnReplaceClass with sig. 'm' on line 203.


LaTeX3 Info: Defining command \UnReplacePackage with sig. 'mm' on line 206.


LaTeX3 Info: Defining command \PreventPackageFromLoading with sig. 's+om' on
(LaTeX3)     line 234.


LaTeX3 Info: Defining command \StorePreventPackageFromLoading with sig. 'm' on
(LaTeX3)     line 242.


LaTeX3 Info: Defining command \ResetPreventPackageFromLoading with sig. '' on
(LaTeX3)     line 247.


LaTeX3 Info: Defining command \UnPreventPackageFromLoading with sig. 'sm' on
(LaTeX3)     line 261.


LaTeX3 Info: Defining command \BeforeClosingMainAux with sig. 'om' on line
(LaTeX3)     274.


LaTeX3 Info: Defining command \AfterReadingMainAux with sig. 'om' on line 287.


LaTeX3 Info: Defining command \protected@immediate@write with sig. 'm+m+m' on
(LaTeX3)     line 298.


(C:\Users\Max\AppData\Local\Programs\MiKTeX\tex/latex/koma-script\scrlogo.sty
Package: scrlogo 2021/03/17 v3.33 KOMA-Script package (logo)
))) (C:\Users\Max\AppData\Local\Programs\MiKTeX\tex/latex/graphics\keyval.sty
Package: keyval 2014/10/28 v1.15 key=value parser (DPC)
\KV@toks@=\toks15
)
Skipping: [2021/05/01] Usage of raw option list on input line 252.
Applying: [0000/00/00] compatibility for LaTeX before 2021/05/01 on input line 
337.
))
(C:\Users\Max\AppData\Local\Programs\MiKTeX\tex/latex/koma-script\tocbasic.sty
Package: tocbasic 2021/03/17 v3.33 KOMA-Script package (handling toc-files)
\scr@dte@tocline@numberwidth=\skip47
\scr@dte@tocline@numbox=\box47
)
Package tocbasic Info: babel extension for `toc' omitted
(tocbasic)             because of missing \bbl@set@language on input line 135.
Package scrartcl Info: You've used standard option `12pt'.
(scrartcl)             This is correct!
(scrartcl)             Internally I'm using `fontsize=12pt'.
(scrartcl)             If you'd like to set the option with \KOMAoptions,
(scrartcl)             you'd have to use `fontsize=12pt' there
(scrartcl)             instead of `12pt', too.
Class scrartcl Info: File `scrsize12pt.clo' used to setup font sizes on input l
ine 2239.

(C:\Users\Max\AppData\Local\Programs\MiKTeX\tex/latex/koma-script\scrsize12pt.c
lo
File: scrsize12pt.clo 2021/03/17 v3.33 KOMA-Script font size class option (12pt
)
)
(C:\Users\Max\AppData\Local\Programs\MiKTeX\tex/latex/koma-script\typearea.sty
Package: typearea 2021/03/17 v3.33 KOMA-Script package (type area)
\ta@bcor=\skip48
\ta@div=\count179
Package typearea Info: You've used standard option `a4paper'.
(typearea)             This is correct!
(typearea)             Internally I'm using `paper=a4'.
(typearea)             If you'd like to set the option with \KOMAoptions,
(typearea)             you'd have to use `paper=a4' there
(typearea)             instead of `a4paper', too.
\ta@hblk=\skip49
\ta@vblk=\skip50
\ta@temp=\skip51
\footheight=\skip52
Package typearea Info: These are the values describing the layout:
(typearea)             DIV  = 12
(typearea)             BCOR = 0.0pt
(typearea)             \paperwidth      = 597.50793pt
(typearea)              \textwidth      = 448.13095pt
(typearea)              DIV departure   = -6%
(typearea)              \evensidemargin = 2.4185pt
(typearea)              \oddsidemargin  = 2.4185pt
(typearea)             \paperheight     = 845.04694pt
(typearea)              \textheight     = 606.5pt
(typearea)              \topmargin      = -1.84941pt
(typearea)              \headheight     = 18.125pt
(typearea)              \headsep        = 21.75pt
(typearea)              \topskip        = 12.0pt
(typearea)              \footskip       = 50.75pt
(typearea)              \baselineskip   = 14.5pt
(typearea)              on input line 1741.
)
\c@part=\count180
\c@section=\count181
\c@subsection=\count182
\c@subsubsection=\count183
\c@paragraph=\count184
\c@subparagraph=\count185
\scr@dte@section@maxnumwidth=\skip53
Class scrartcl Info: using compatibility default `runin=bysign'
(scrartcl)           for `\section on input line 4846.
Class scrartcl Info: using compatibility default `afterindent=bysign'
(scrartcl)           for `\section on input line 4846.
\scr@dte@part@maxnumwidth=\skip54
Class scrartcl Info: using compatibility default `afterindent=false'
(scrartcl)           for `\part on input line 4854.
\scr@dte@subsection@maxnumwidth=\skip55
Class scrartcl Info: using compatibility default `runin=bysign'
(scrartcl)           for `\subsection on input line 4864.
Class scrartcl Info: using compatibility default `afterindent=bysign'
(scrartcl)           for `\subsection on input line 4864.
\scr@dte@subsubsection@maxnumwidth=\skip56
Class scrartcl Info: using compatibility default `runin=bysign'
(scrartcl)           for `\subsubsection on input line 4874.
Class scrartcl Info: using compatibility default `afterindent=bysign'
(scrartcl)           for `\subsubsection on input line 4874.
\scr@dte@paragraph@maxnumwidth=\skip57
Class scrartcl Info: using compatibility default `runin=bysign'
(scrartcl)           for `\paragraph on input line 4885.
Class scrartcl Info: using compatibility default `afterindent=bysign'
(scrartcl)           for `\paragraph on input line 4885.
\scr@dte@subparagraph@maxnumwidth=\skip58
Class scrartcl Info: using compatibility default `runin=bysign'
(scrartcl)           for `\subparagraph on input line 4895.
Class scrartcl Info: using compatibility default `afterindent=bysign'
(scrartcl)           for `\subparagraph on input line 4895.
\abovecaptionskip=\skip59
\belowcaptionskip=\skip60
\c@pti@nb@sid@b@x=\box48
Package tocbasic Info: babel extension for `lof' omitted
(tocbasic)             because of missing \bbl@set@language on input line 6127.

\scr@dte@figure@maxnumwidth=\skip61
\c@figure=\count186
Package tocbasic Info: babel extension for `lot' omitted
(tocbasic)             because of missing \bbl@set@language on input line 6139.

\scr@dte@table@maxnumwidth=\skip62
\c@table=\count187
Class scrartcl Info: Redefining `\numberline' on input line 6303.
\bibindent=\dimen138
) (C:\Users\Max\AppData\Local\Programs\MiKTeX\tex/latex/base\inputenc.sty
Package: inputenc 2020/08/01 v1.3d Input encoding file
\inpenc@prehook=\toks16
\inpenc@posthook=\toks17
)
(C:\Users\Max\AppData\Local\Programs\MiKTeX\tex/latex/wrapfig\wrapfig.sty
\wrapoverhang=\dimen139
\WF@size=\dimen140
\c@WF@wrappedlines=\count188
\WF@box=\box49
\WF@everypar=\toks18
Package: wrapfig 2003/01/31  v 3.6
)
(latex_einstellungen/variablen.tex)
(C:\Users\Max\AppData\Local\Programs\MiKTeX\tex/latex/pdfpages\pdfpages.sty
Package: pdfpages 2021/03/06 v0.5t Insert pages of external PDF documents (AM)

(C:\Users\Max\AppData\Local\Programs\MiKTeX\tex/latex/base\ifthen.sty
Package: ifthen 2014/09/29 v1.1c Standard LaTeX ifthen package (DPC)
)
(C:\Users\Max\AppData\Local\Programs\MiKTeX\tex/latex/latex-tools\calc.sty
Package: calc 2017/05/25 v4.3 Infix arithmetic (KKT,FJ)
\calc@Acount=\count189
\calc@Bcount=\count190
\calc@Adimen=\dimen141
\calc@Bdimen=\dimen142
\calc@Askip=\skip63
\calc@Bskip=\skip64
LaTeX Info: Redefining \setlength on input line 80.
LaTeX Info: Redefining \addtolength on input line 81.
\calc@Ccount=\count191
\calc@Cskip=\skip65
)
(C:\Users\Max\AppData\Local\Programs\MiKTeX\tex/latex/eso-pic\eso-pic.sty
Package: eso-pic 2020/10/14 v3.0a eso-pic (RN)
\ESO@tempdima=\dimen143
\ESO@tempdimb=\dimen144

(C:\Users\Max\AppData\Local\Programs\MiKTeX\tex/latex/xcolor\xcolor.sty
Package: xcolor 2016/05/11 v2.12 LaTeX color extensions (UK)

(C:\Users\Max\AppData\Local\Programs\MiKTeX\tex/latex/graphics-cfg\color.cfg
File: color.cfg 2016/01/02 v1.6 sample color configuration
)
Package xcolor Info: Driver file: pdftex.def on input line 225.

(C:\Users\Max\AppData\Local\Programs\MiKTeX\tex/latex/graphics-def\pdftex.def
File: pdftex.def 2020/10/05 v1.2a Graphics/color driver for pdftex
)
Package xcolor Info: Model `cmy' substituted by `cmy0' on input line 1348.
Package xcolor Info: Model `hsb' substituted by `rgb' on input line 1352.
Package xcolor Info: Model `RGB' extended on input line 1364.
Package xcolor Info: Model `HTML' substituted by `rgb' on input line 1366.
Package xcolor Info: Model `Hsb' substituted by `hsb' on input line 1367.
Package xcolor Info: Model `tHsb' substituted by `hsb' on input line 1368.
Package xcolor Info: Model `HSB' substituted by `hsb' on input line 1369.
Package xcolor Info: Model `Gray' substituted by `gray' on input line 1370.
Package xcolor Info: Model `wave' substituted by `hsb' on input line 1371.
)) (C:\Users\Max\AppData\Local\Programs\MiKTeX\tex/latex/graphics\graphicx.sty
Package: graphicx 2020/09/09 v1.2b Enhanced LaTeX Graphics (DPC,SPQR)

(C:\Users\Max\AppData\Local\Programs\MiKTeX\tex/latex/graphics\graphics.sty
Package: graphics 2020/08/30 v1.4c Standard LaTeX Graphics (DPC,SPQR)

(C:\Users\Max\AppData\Local\Programs\MiKTeX\tex/latex/graphics\trig.sty
Package: trig 2016/01/03 v1.10 sin cos tan (DPC)
)
(C:\Users\Max\AppData\Local\Programs\MiKTeX\tex/latex/graphics-cfg\graphics.cfg
File: graphics.cfg 2016/06/04 v1.11 sample graphics configuration
)
Package graphics Info: Driver file: pdftex.def on input line 105.
)
\Gin@req@height=\dimen145
\Gin@req@width=\dimen146
)
\AM@pagewidth=\dimen147
\AM@pageheight=\dimen148
\AM@fboxrule=\dimen149
 (C:\Users\Max\AppData\Local\Programs\MiKTeX\tex/latex/pdfpages\pppdftex.def
File: pppdftex.def 2021/03/06 v0.5t Pdfpages driver for pdfTeX (AM)
)
\pdfpages@includegraphics@status=\count192
\AM@pagebox=\box50
\AM@global@opts=\toks19
\AM@pagecnt=\count193
\AM@toc@title=\toks20
\c@AM@survey=\count194
\AM@templatesizebox=\box51
) (C:\Users\Max\AppData\Local\Programs\MiKTeX\tex/generic/babel\babel.sty
Package: babel 2021/01/26 3.53 The Babel package

(C:\Users\Max\AppData\Local\Programs\MiKTeX\tex/generic/babel\babel.def
File: babel.def 2021/01/26 3.53 Babel common definitions
\babel@savecnt=\count195
\U@D=\dimen150
\l@babelnohyphens=\language79

(C:\Users\Max\AppData\Local\Programs\MiKTeX\tex/generic/babel\txtbabel.def)
\bbl@readstream=\read2
)
\bbl@dirlevel=\count196

*************************************
* Local config file bblopts.cfg used
*
(C:\Users\Max\AppData\Local\Programs\MiKTeX\tex/latex/arabi\bblopts.cfg
File: bblopts.cfg 2005/09/08 v0.1 add Arabic and Farsi to "declared" options of
 babel
)
(C:\Users\Max\AppData\Local\Programs\MiKTeX\tex/latex/babel-english\english.ldf
Language: english 2017/06/06 v3.3r English support from the babel system
Package babel Info: \l@canadian = using hyphenrules for english
(babel)             (\language0) on input line 102.
Package babel Info: \l@australian = using hyphenrules for ukenglish
(babel)             (\language73) on input line 105.
Package babel Info: \l@newzealand = using hyphenrules for ukenglish
(babel)             (\language73) on input line 108.
)) (C:\Users\Max\AppData\Local\Programs\MiKTeX\tex/latex/eurosym\eurosym.sty
Package: eurosym 1998/08/06 v1.1 European currency symbol ``Euro''
\@eurobox=\box52
)
(C:\Users\Max\AppData\Local\Programs\MiKTeX\tex/latex/base\fontenc.sty
Package: fontenc 2020/08/10 v2.0s Standard LaTeX package
)
(C:\Users\Max\AppData\Local\Programs\MiKTeX\tex/latex/lm\lmodern.sty
Package: lmodern 2009/10/30 v1.6 Latin Modern Fonts
LaTeX Font Info:    Overwriting symbol font `operators' in version `normal'
(Font)                  OT1/cmr/m/n --> OT1/lmr/m/n on input line 22.
LaTeX Font Info:    Overwriting symbol font `letters' in version `normal'
(Font)                  OML/cmm/m/it --> OML/lmm/m/it on input line 23.
LaTeX Font Info:    Overwriting symbol font `symbols' in version `normal'
(Font)                  OMS/cmsy/m/n --> OMS/lmsy/m/n on input line 24.
LaTeX Font Info:    Overwriting symbol font `largesymbols' in version `normal'
(Font)                  OMX/cmex/m/n --> OMX/lmex/m/n on input line 25.
LaTeX Font Info:    Overwriting symbol font `operators' in version `bold'
(Font)                  OT1/cmr/bx/n --> OT1/lmr/bx/n on input line 26.
LaTeX Font Info:    Overwriting symbol font `letters' in version `bold'
(Font)                  OML/cmm/b/it --> OML/lmm/b/it on input line 27.
LaTeX Font Info:    Overwriting symbol font `symbols' in version `bold'
(Font)                  OMS/cmsy/b/n --> OMS/lmsy/b/n on input line 28.
LaTeX Font Info:    Overwriting symbol font `largesymbols' in version `bold'
(Font)                  OMX/cmex/m/n --> OMX/lmex/m/n on input line 29.
LaTeX Font Info:    Overwriting math alphabet `\mathbf' in version `normal'
(Font)                  OT1/cmr/bx/n --> OT1/lmr/bx/n on input line 31.
LaTeX Font Info:    Overwriting math alphabet `\mathsf' in version `normal'
(Font)                  OT1/cmss/m/n --> OT1/lmss/m/n on input line 32.
LaTeX Font Info:    Overwriting math alphabet `\mathit' in version `normal'
(Font)                  OT1/cmr/m/it --> OT1/lmr/m/it on input line 33.
LaTeX Font Info:    Overwriting math alphabet `\mathtt' in version `normal'
(Font)                  OT1/cmtt/m/n --> OT1/lmtt/m/n on input line 34.
LaTeX Font Info:    Overwriting math alphabet `\mathbf' in version `bold'
(Font)                  OT1/cmr/bx/n --> OT1/lmr/bx/n on input line 35.
LaTeX Font Info:    Overwriting math alphabet `\mathsf' in version `bold'
(Font)                  OT1/cmss/bx/n --> OT1/lmss/bx/n on input line 36.
LaTeX Font Info:    Overwriting math alphabet `\mathit' in version `bold'
(Font)                  OT1/cmr/bx/it --> OT1/lmr/bx/it on input line 37.
LaTeX Font Info:    Overwriting math alphabet `\mathtt' in version `bold'
(Font)                  OT1/cmtt/m/n --> OT1/lmtt/m/n on input line 38.
)
(C:\Users\Max\AppData\Local\Programs\MiKTeX\tex/latex/algorithms\algorithm.sty
Package: algorithm 2009/08/24 v0.1 Document Style `algorithm' - floating enviro
nment

(C:\Users\Max\AppData\Local\Programs\MiKTeX\tex/latex/float\float.sty
Package: float 2001/11/08 v1.3d Float enhancements (AL)
\c@float@type=\count197
\float@exts=\toks21
\float@box=\box53
\@float@everytoks=\toks22
\@floatcapt=\box54
)
\@float@every@algorithm=\toks23
\c@algorithm=\count198
)
(C:\Users\Max\AppData\Local\Programs\MiKTeX\tex/latex/algorithmicx\algpseudocod
e.sty
Package: algpseudocode 

(C:\Users\Max\AppData\Local\Programs\MiKTeX\tex/latex/algorithmicx\algorithmicx
.sty
Package: algorithmicx 2005/04/27 v1.2 Algorithmicx

Document Style algorithmicx 1.2 - a greatly improved `algorithmic' style
\c@ALG@line=\count199
\c@ALG@rem=\count266
\c@ALG@nested=\count267
\ALG@tlm=\skip66
\ALG@thistlm=\skip67
\c@ALG@Lnr=\count268
\c@ALG@blocknr=\count269
\c@ALG@storecount=\count270
\c@ALG@tmpcounter=\count271
\ALG@tmplength=\skip68
)
Document Style - pseudocode environments for use with the `algorithmicx' style
)
(C:\Users\Max\AppData\Local\Programs\MiKTeX\tex/latex/latex-tools\longtable.sty
Package: longtable 2020/01/07 v4.13 Multi-page Table package (DPC)
\LTleft=\skip69
\LTright=\skip70
\LTpre=\skip71
\LTpost=\skip72
\LTchunksize=\count272
\LTcapwidth=\dimen151
\LT@head=\box55
\LT@firsthead=\box56
\LT@foot=\box57
\LT@lastfoot=\box58
\LT@cols=\count273
\LT@rows=\count274
\c@LT@tables=\count275
\c@LT@chunks=\count276
\LT@p@ftn=\toks24
)
Class scrartcl Info: longtable captions redefined on input line 37.
 (C:\Users\Max\AppData\Local\Programs\MiKTeX\tex/latex/geometry\geometry.sty
Package: geometry 2020/01/02 v5.9 Page Geometry

(C:\Users\Max\AppData\Local\Programs\MiKTeX\tex/generic/iftex\ifvtex.sty
Package: ifvtex 2019/10/25 v1.7 ifvtex legacy package. Use iftex instead.

(C:\Users\Max\AppData\Local\Programs\MiKTeX\tex/generic/iftex\iftex.sty
Package: iftex 2020/03/06 v1.0d TeX engine tests
))
\Gm@cnth=\count277
\Gm@cntv=\count278
\c@Gm@tempcnt=\count279
\Gm@bindingoffset=\dimen152
\Gm@wd@mp=\dimen153
\Gm@odd@mp=\dimen154
\Gm@even@mp=\dimen155
\Gm@layoutwidth=\dimen156
\Gm@layoutheight=\dimen157
\Gm@layouthoffset=\dimen158
\Gm@layoutvoffset=\dimen159
\Gm@dimlist=\toks25

(C:\Users\Max\AppData\Local\Programs\MiKTeX\tex/latex/geometry\geometry.cfg))
(C:\Users\Max\AppData\Local\Programs\MiKTeX\tex/latex/fancybox\fancybox.sty
Package: fancybox 2010/05/15 1.4

Style option: `fancybox' v1.4 <2010/05/15> (tvz)
\@fancybox=\box59
\shadowsize=\dimen160
\@Sbox=\box60
\do@VerbBox=\toks26
\the@fancyput=\toks27
\this@fancyput=\toks28
\EndVerbatimTokens=\toks29
\Verbatim@Outfile=\write3
\Verbatim@Infile=\read3
) (C:\Users\Max\AppData\Local\Programs\MiKTeX\tex/latex/url\url.sty
\Urlmuskip=\muskip16
Package: url 2013/09/16  ver 3.4  Verb mode for urls, etc.
)
(C:\Users\Max\AppData\Local\Programs\MiKTeX\tex/latex/amsfonts\amssymb.sty
Package: amssymb 2013/01/14 v3.01 AMS font symbols

(C:\Users\Max\AppData\Local\Programs\MiKTeX\tex/latex/amsfonts\amsfonts.sty
Package: amsfonts 2013/01/14 v3.01 Basic AMSFonts support
\@emptytoks=\toks30
\symAMSa=\mathgroup4
\symAMSb=\mathgroup5
LaTeX Font Info:    Redeclaring math symbol \hbar on input line 98.
LaTeX Font Info:    Overwriting math alphabet `\mathfrak' in version `bold'
(Font)                  U/euf/m/n --> U/euf/b/n on input line 106.
))
(C:\Users\Max\AppData\Local\Programs\MiKTeX\tex/latex/subfig\subfig.sty
Package: subfig 2005/06/28 ver: 1.3 subfig package

(C:\Users\Max\AppData\Local\Programs\MiKTeX\tex/latex/caption\caption.sty
Package: caption 2020/10/26 v3.5g Customizing captions (AR)

(C:\Users\Max\AppData\Local\Programs\MiKTeX\tex/latex/caption\caption3.sty
Package: caption3 2020/10/21 v2.2e caption3 kernel (AR)
\captionmargin=\dimen161
\captionmargin@=\dimen162
\captionwidth=\dimen163
\caption@tempdima=\dimen164
\caption@indent=\dimen165
\caption@parindent=\dimen166
\caption@hangindent=\dimen167
Package caption Info: KOMA-Script document class detected.

(C:\Users\Max\AppData\Local\Programs\MiKTeX\tex/latex/caption\caption-koma.sto
File: caption-koma.sto 2020/09/21 v2.0b Adaption of the caption package to the 
KOMA-Script document classes (AR)
))
\c@caption@flags=\count280
\c@continuedfloat=\count281
Package caption Info: float package is loaded.
Package caption Info: longtable package is loaded.
 (C:\Users\Max\AppData\Local\Programs\MiKTeX\tex/latex/caption\ltcaption.sty
Package: ltcaption 2020/05/30 v1.4b longtable captions (AR)
)
Package caption Info: wrapfig package is loaded.
)
\c@KVtest=\count282
\sf@farskip=\skip73
\sf@captopadj=\dimen168
\sf@capskip=\skip74
\sf@nearskip=\skip75
\c@subfigure=\count283
\c@subfigure@save=\count284
\c@lofdepth=\count285
\c@subtable=\count286
\c@subtable@save=\count287
\c@lotdepth=\count288
\sf@top=\skip76
\sf@bottom=\skip77
) (C:\Users\Max\AppData\Local\Programs\MiKTeX\tex/latex/hyperref\hyperref.sty
Package: hyperref 2021-02-10 v7.00j Hypertext links for LaTeX

(C:\Users\Max\AppData\Local\Programs\MiKTeX\tex/generic/ltxcmds\ltxcmds.sty
Package: ltxcmds 2020-05-10 v1.25 LaTeX kernel commands for general use (HO)
)
(C:\Users\Max\AppData\Local\Programs\MiKTeX\tex/generic/pdftexcmds\pdftexcmds.s
ty
Package: pdftexcmds 2020-06-27 v0.33 Utility functions of pdfTeX for LuaTeX (HO
)

(C:\Users\Max\AppData\Local\Programs\MiKTeX\tex/generic/infwarerr\infwarerr.sty
Package: infwarerr 2019/12/03 v1.5 Providing info/warning/error messages (HO)
)
Package pdftexcmds Info: \pdf@primitive is available.
Package pdftexcmds Info: \pdf@ifprimitive is available.
Package pdftexcmds Info: \pdfdraftmode found.
)
(C:\Users\Max\AppData\Local\Programs\MiKTeX\tex/generic/kvsetkeys\kvsetkeys.sty
Package: kvsetkeys 2019/12/15 v1.18 Key value parser (HO)
)
(C:\Users\Max\AppData\Local\Programs\MiKTeX\tex/generic/kvdefinekeys\kvdefineke
ys.sty
Package: kvdefinekeys 2019-12-19 v1.6 Define keys (HO)
)
(C:\Users\Max\AppData\Local\Programs\MiKTeX\tex/generic/pdfescape\pdfescape.sty
Package: pdfescape 2019/12/09 v1.15 Implements pdfTeX's escape features (HO)
) (C:\Users\Max\AppData\Local\Programs\MiKTeX\tex/latex/hycolor\hycolor.sty
Package: hycolor 2020-01-27 v1.10 Color options for hyperref/bookmark (HO)
)
(C:\Users\Max\AppData\Local\Programs\MiKTeX\tex/latex/letltxmacro\letltxmacro.s
ty
Package: letltxmacro 2019/12/03 v1.6 Let assignment for LaTeX macros (HO)
) (C:\Users\Max\AppData\Local\Programs\MiKTeX\tex/latex/auxhook\auxhook.sty
Package: auxhook 2019-12-17 v1.6 Hooks for auxiliary files (HO)
)
(C:\Users\Max\AppData\Local\Programs\MiKTeX\tex/latex/kvoptions\kvoptions.sty
Package: kvoptions 2020-10-07 v3.14 Key value format for package options (HO)
)
\@linkdim=\dimen169
\Hy@linkcounter=\count289
\Hy@pagecounter=\count290

(C:\Users\Max\AppData\Local\Programs\MiKTeX\tex/latex/hyperref\pd1enc.def
File: pd1enc.def 2021-02-10 v7.00j Hyperref: PDFDocEncoding definition (HO)
Now handling font encoding PD1 ...
... no UTF-8 mapping file for font encoding PD1
)
(C:\Users\Max\AppData\Local\Programs\MiKTeX\tex/latex/hyperref\hyperref-langpat
ches.def
File: hyperref-langpatches.def 2021-02-10 v7.00j Hyperref: patches for babel la
nguages
)
(C:\Users\Max\AppData\Local\Programs\MiKTeX\tex/generic/intcalc\intcalc.sty
Package: intcalc 2019/12/15 v1.3 Expandable calculations with integers (HO)
)
(C:\Users\Max\AppData\Local\Programs\MiKTeX\tex/generic/etexcmds\etexcmds.sty
Package: etexcmds 2019/12/15 v1.7 Avoid name clashes with e-TeX commands (HO)
)
\Hy@SavedSpaceFactor=\count291

(C:\Users\Max\AppData\Local\Programs\MiKTeX\tex/latex/hyperref\puenc.def
File: puenc.def 2021-02-10 v7.00j Hyperref: PDF Unicode definition (HO)
Now handling font encoding PU ...
... no UTF-8 mapping file for font encoding PU
)
Package hyperref Info: Option `bookmarksnumbered' set `true' on input line 4073
.
Package hyperref Info: Option `hyperfootnotes' set `false' on input line 4073.
Package hyperref Info: Hyper figures OFF on input line 4192.
Package hyperref Info: Link nesting OFF on input line 4197.
Package hyperref Info: Hyper index ON on input line 4200.
Package hyperref Info: Plain pages OFF on input line 4207.
Package hyperref Info: Backreferencing OFF on input line 4212.
Package hyperref Info: Implicit mode ON; LaTeX internals redefined.
Package hyperref Info: Bookmarks ON on input line 4445.
\c@Hy@tempcnt=\count292
LaTeX Info: Redefining \url on input line 4804.
\XeTeXLinkMargin=\dimen170

(C:\Users\Max\AppData\Local\Programs\MiKTeX\tex/generic/bitset\bitset.sty
Package: bitset 2019/12/09 v1.3 Handle bit-vector datatype (HO)

(C:\Users\Max\AppData\Local\Programs\MiKTeX\tex/generic/bigintcalc\bigintcalc.s
ty
Package: bigintcalc 2019/12/15 v1.5 Expandable calculations on big integers (HO
)
))
\Fld@menulength=\count293
\Field@Width=\dimen171
\Fld@charsize=\dimen172
Package hyperref Info: Hyper figures OFF on input line 6075.
Package hyperref Info: Link nesting OFF on input line 6080.
Package hyperref Info: Hyper index ON on input line 6083.
Package hyperref Info: backreferencing OFF on input line 6090.
Package hyperref Info: Link coloring OFF on input line 6095.
Package hyperref Info: Link coloring with OCG OFF on input line 6100.
Package hyperref Info: PDF/A mode OFF on input line 6105.
LaTeX Info: Redefining \ref on input line 6145.
LaTeX Info: Redefining \pageref on input line 6149.

(C:\Users\Max\AppData\Local\Programs\MiKTeX\tex/latex/base\atbegshi-ltx.sty
Package: atbegshi-ltx 2020/08/17 v1.0a Emulation of the original atbegshi packa
ge
with kernel methods
)
\Hy@abspage=\count294
\c@Item=\count295
)
Package hyperref Info: Driver (autodetected): hpdftex.

(C:\Users\Max\AppData\Local\Programs\MiKTeX\tex/latex/hyperref\hpdftex.def
File: hpdftex.def 2021-02-10 v7.00j Hyperref driver for pdfTeX

(C:\Users\Max\AppData\Local\Programs\MiKTeX\tex/latex/base\atveryend-ltx.sty
Package: atveryend-ltx 2020/08/19 v1.0a Emulation of the original atvery packag
e
with kernel methods
)
\Fld@listcount=\count296
\c@bookmark@seq@number=\count297

(C:\Users\Max\AppData\Local\Programs\MiKTeX\tex/latex/rerunfilecheck\rerunfilec
heck.sty
Package: rerunfilecheck 2019/12/05 v1.9 Rerun checks for auxiliary files (HO)

(C:\Users\Max\AppData\Local\Programs\MiKTeX\tex/generic/uniquecounter\uniquecou
nter.sty
Package: uniquecounter 2019/12/15 v1.4 Provide unlimited unique counter (HO)
)
Package uniquecounter Info: New unique counter `rerunfilecheck' on input line 2
86.
)
\Hy@SectionHShift=\skip78
)

Class scrartcl Warning: Usage of package `fancyhdr' together
(scrartcl)              with a KOMA-Script class is not recommended.
(scrartcl)              I'd suggest to use 
(scrartcl)              package `scrlayer' or `scrlayer-scrpage', because
(scrartcl)              they support KOMA-Script classes.
(scrartcl)              With `fancyhdr' several features of class `scrartcl'
(scrartcl)              like options `headsepline', `footsepline' or command
(scrartcl)              `\MakeMarkcase' and the commands `\setkomafont' and
(scrartcl)              `\addtokomafont' for the page style elements need
(scrartcl)              explicite user intervention to work.
(scrartcl)              Nevertheless, using requested
(scrartcl)              package `fancyhdr' on input line 70.

(C:\Users\Max\AppData\Local\Programs\MiKTeX\tex/latex/fancyhdr\fancyhdr.sty
Package: fancyhdr 2021/01/28 v4.0.1 Extensive control of page headers and foote
rs
\f@nch@headwidth=\skip79
\f@nch@O@elh=\skip80
\f@nch@O@erh=\skip81
\f@nch@O@olh=\skip82
\f@nch@O@orh=\skip83
\f@nch@O@elf=\skip84
\f@nch@O@erf=\skip85
\f@nch@O@olf=\skip86
\f@nch@O@orf=\skip87
)
(C:\Users\Max\AppData\Local\Programs\MiKTeX\tex/latex/latex-tools\array.sty
Package: array 2020/10/01 v2.5c Tabular extension package (FMi)
\col@sep=\dimen173
\ar@mcellbox=\box61
\extrarowheight=\dimen174
\NC@list=\toks31
\extratabsurround=\skip88
\backup@length=\skip89
\ar@cellbox=\box62
)
(C:\Users\Max\AppData\Local\Programs\MiKTeX\tex/latex/setspace\setspace.sty
Package: setspace 2011/12/19 v6.7a set line spacing
)
(C:\Users\Max\AppData\Local\Programs\MiKTeX\tex/latex/capt-of\capt-of.sty
Package: capt-of 2009/12/29 v0.2 standard captions outside of floats
)
(C:\Users\Max\AppData\Local\Programs\MiKTeX\tex/latex/base\makeidx.sty
Package: makeidx 2014/09/29 v1.0m Standard LaTeX package
)
\scr@dte@chapter@maxnumwidth=\skip90

(C:\Users\Max\AppData\Local\Programs\MiKTeX\tex/latex/listings\listings.sty
\lst@mode=\count298
\lst@gtempboxa=\box63
\lst@token=\toks32
\lst@length=\count299
\lst@currlwidth=\dimen175
\lst@column=\count300
\lst@pos=\count301
\lst@lostspace=\dimen176
\lst@width=\dimen177
\lst@newlines=\count302
\lst@lineno=\count303
\lst@maxwidth=\dimen178

(C:\Users\Max\AppData\Local\Programs\MiKTeX\tex/latex/listings\lstmisc.sty
File: lstmisc.sty 2020/03/24 1.8d (Carsten Heinz)
\c@lstnumber=\count304
\lst@skipnumbers=\count305
\lst@framebox=\box64
)
(C:\Users\Max\AppData\Local\Programs\MiKTeX\tex/latex/listings\listings.cfg
File: listings.cfg 2020/03/24 1.8d listings configuration
))
Package: listings 2020/03/24 1.8d (Carsten Heinz)

(C:\Users\Max\AppData\Local\Programs\MiKTeX\tex/latex/listings\lstlang1.sty
File: lstlang1.sty 2020/03/24 1.8d listings language file
)
\@indexfile=\write4
\openout4 = `Hauptdatei.idx'.


Writing index file Hauptdatei.idx
(C:\Users\Max\AppData\Local\Programs\MiKTeX\tex/latex/nomencl\nomencl.sty
Package: nomencl 2021/11/10 v5.6 Nomenclature package

(C:\Users\Max\AppData\Local\Programs\MiKTeX\tex/latex/xkeyval\xkeyval.sty
Package: xkeyval 2020/11/20 v2.8 package option processing (HA)

(C:\Users\Max\AppData\Local\Programs\MiKTeX\tex/generic/xkeyval\xkeyval.tex
(C:\Users\Max\AppData\Local\Programs\MiKTeX\tex/generic/xkeyval\xkvutils.tex
\XKV@toks=\toks33
\XKV@tempa@toks=\toks34
)
\XKV@depth=\count306
File: xkeyval.tex 2014/12/03 v2.7a key=value parser (HA)
))
Package tocbasic Info: setting babel extension for `nlo' on input line 187.
Package tocbasic Info: setting babel extension for `nls' on input line 188.
\nomlabelwidth=\dimen179
\nom@tempdim=\dimen180
\nomitemsep=\skip91
)
\@nomenclaturefile=\write5
\openout5 = `Hauptdatei.nlo'.

Package nomencl Info: Writing nomenclature file Hauptdatei.nlo on input line 13
6.
LaTeX Font Info:    Trying to load font information for T1+lmr on input line 15
4.
 (C:\Users\Max\AppData\Local\Programs\MiKTeX\tex/latex/lm\t1lmr.fd
File: t1lmr.fd 2009/10/30 v1.6 Font defs for Latin Modern
)
(C:\Users\Max\AppData\Local\Programs\MiKTeX\tex/latex/l3backend\l3backend-pdfte
x.def
File: l3backend-pdftex.def 2021-02-18 L3 backend support: PDF output (pdfTeX)
\l__color_backend_stack_int=\count307
\l__pdf_internal_box=\box65
) (Hauptdatei.aux

LaTeX Warning: Label `fig:Homepage4' multiply defined.

)
\openout1 = `Hauptdatei.aux'.

LaTeX Font Info:    Checking defaults for OML/cmm/m/it on input line 154.
LaTeX Font Info:    ... okay on input line 154.
LaTeX Font Info:    Checking defaults for OMS/cmsy/m/n on input line 154.
LaTeX Font Info:    ... okay on input line 154.
LaTeX Font Info:    Checking defaults for OT1/cmr/m/n on input line 154.
LaTeX Font Info:    ... okay on input line 154.
LaTeX Font Info:    Checking defaults for T1/cmr/m/n on input line 154.
LaTeX Font Info:    ... okay on input line 154.
LaTeX Font Info:    Checking defaults for TS1/cmr/m/n on input line 154.
LaTeX Font Info:    ... okay on input line 154.
LaTeX Font Info:    Checking defaults for OMX/cmex/m/n on input line 154.
LaTeX Font Info:    ... okay on input line 154.
LaTeX Font Info:    Checking defaults for U/cmr/m/n on input line 154.
LaTeX Font Info:    ... okay on input line 154.
LaTeX Font Info:    Checking defaults for PD1/pdf/m/n on input line 154.
LaTeX Font Info:    ... okay on input line 154.
LaTeX Font Info:    Checking defaults for PU/pdf/m/n on input line 154.
LaTeX Font Info:    ... okay on input line 154.
Package scrbase Info: activating english \contentsname on input line 154.
Package scrbase Info: activating english \listfigurename on input line 154.
Package scrbase Info: activating english \listtablename on input line 154.

(C:\Users\Max\AppData\Local\Programs\MiKTeX\tex/context/base/mkii\supp-pdf.mkii
[Loading MPS to PDF converter (version 2006.09.02).]
\scratchcounter=\count308
\scratchdimen=\dimen181
\scratchbox=\box66
\nofMPsegments=\count309
\nofMParguments=\count310
\everyMPshowfont=\toks35
\MPscratchCnt=\count311
\MPscratchDim=\dimen182
\MPnumerator=\count312
\makeMPintoPDFobject=\count313
\everyMPtoPDFconversion=\toks36
)
(C:\Users\Max\AppData\Local\Programs\MiKTeX\tex/latex/epstopdf-pkg\epstopdf-bas
e.sty
Package: epstopdf-base 2020-01-24 v2.11 Base part for package epstopdf
Package epstopdf-base Info: Redefining graphics rule for `.eps' on input line 4
85.
)
(C:\Users\Max\AppData\Local\Programs\MiKTeX\tex/latex/pdflscape\pdflscape.sty
Package: pdflscape 2019/12/05 v0.12 Display of landscape pages in PDF (HO)

(C:\Users\Max\AppData\Local\Programs\MiKTeX\tex/latex/graphics\lscape.sty
Package: lscape 2020/05/28 v3.02 Landscape Pages (DPC)
)
Package pdflscape Info: Auto-detected driver: pdftex on input line 81.
)
*geometry* driver: auto-detecting
*geometry* detected driver: pdftex
*geometry* verbose mode - [ preamble ] result:
* driver: pdftex
* paper: a4paper
* layout: <same size as paper>
* layoutoffset:(h,v)=(0.0pt,0.0pt)
* modes: 
* h-part:(L,W,R)=(99.58464pt, 441.01773pt, 56.9055pt)
* v-part:(T,H,B)=(71.13188pt, 717.00946pt, 56.9055pt)
* \paperwidth=597.50787pt
* \paperheight=845.04684pt
* \textwidth=441.01773pt
* \textheight=717.00946pt
* \oddsidemargin=27.31465pt
* \evensidemargin=27.31465pt
* \topmargin=-41.0131pt
* \headheight=18.125pt
* \headsep=21.75pt
* \topskip=12.0pt
* \footskip=50.75pt
* \marginparwidth=49.79233pt
* \marginparsep=12.8401pt
* \columnsep=10.0pt
* \skip\footins=10.8pt plus 4.0pt minus 2.0pt
* \hoffset=0.0pt
* \voffset=0.0pt
* \mag=1000
* \@twocolumnfalse
* \@twosidefalse
* \@mparswitchfalse
* \@reversemarginfalse
* (1in=72.27pt=25.4mm, 1cm=28.453pt)

Package caption Info: Begin \AtBeginDocument code.
Package caption Info: subfig package v1.3 is loaded.
Package caption Info: hyperref package is loaded.
Package caption Info: listings package is loaded.
Package caption Info: End \AtBeginDocument code.
Package hyperref Info: Link coloring OFF on input line 154.
(C:\Users\Max\AppData\Local\Programs\MiKTeX\tex/latex/hyperref\nameref.sty
Package: nameref 2021-04-02 v2.47 Cross-referencing by name of section

(C:\Users\Max\AppData\Local\Programs\MiKTeX\tex/latex/refcount\refcount.sty
Package: refcount 2019/12/15 v3.6 Data extraction from label references (HO)
)
(C:\Users\Max\AppData\Local\Programs\MiKTeX\tex/generic/gettitlestring\gettitle
string.sty
Package: gettitlestring 2019/12/15 v1.6 Cleanup title references (HO)
)
\c@section@level=\count314
)
LaTeX Info: Redefining \ref on input line 154.
LaTeX Info: Redefining \pageref on input line 154.
LaTeX Info: Redefining \nameref on input line 154.
 (Hauptdatei.out) (Hauptdatei.out)
\@outlinefile=\write6
\openout6 = `Hauptdatei.out'.

Class scrartcl Info: loading recommended package `bookmark'.
(scrartcl)           Using `bookmark' together with `hyperref' is recommended,
(scrartcl)           because of handling of possible bookmark level gaps.
(scrartcl)           You can avoid loading `bookmark' with KOMA-Script option
(scrartcl)           `bookmarkpackage=false' before \begin{document} and
(scrartcl)           you can avoid this message adding:
(scrartcl)             \usepackage{bookmark}
(scrartcl)           before \begin{document} on input line 154.

(C:\Users\Max\AppData\Local\Programs\MiKTeX\tex/latex/bookmark\bookmark.sty
Package: bookmark 2020-11-06 v1.29 PDF bookmarks (HO)

(C:\Users\Max\AppData\Local\Programs\MiKTeX\tex/latex/bookmark\bkm-pdftex.def
File: bkm-pdftex.def 2020-11-06 v1.29 bookmark driver for pdfTeX (HO)
\BKM@id=\count315
))
\c@lstlisting=\count316
(latex_einstellungen/trennung.tex) (latex_einstellungen/deckblatt.tex
<abb/Logo_OTH_Regensburg.png, id=3, 1091.5179pt x 189.5883pt>
File: abb/Logo_OTH_Regensburg.png Graphic file (type png)
<use abb/Logo_OTH_Regensburg.png>
Package pdftex.def Info: abb/Logo_OTH_Regensburg.png  used on input line 7.
(pdftex.def)             Requested size: 352.81552pt x 61.27988pt.
LaTeX Font Info:    Trying to load font information for T1+lmtt on input line 1
3.

(C:\Users\Max\AppData\Local\Programs\MiKTeX\tex/latex/lm\t1lmtt.fd
File: t1lmtt.fd 2009/10/30 v1.6 Font defs for Latin Modern
)
<abb/Logo.png, id=5, 785.93625pt x 161.10187pt>
File: abb/Logo.png Graphic file (type png)
<use abb/Logo.png>
Package pdftex.def Info: abb/Logo.png  used on input line 32.
(pdftex.def)             Requested size: 264.61333pt x 54.24046pt.
LaTeX Font Info:    Trying to load font information for OT1+lmr on input line 6
2.

(C:\Users\Max\AppData\Local\Programs\MiKTeX\tex/latex/lm\ot1lmr.fd
File: ot1lmr.fd 2009/10/30 v1.6 Font defs for Latin Modern
)
LaTeX Font Info:    Trying to load font information for OML+lmm on input line 6
2.

(C:\Users\Max\AppData\Local\Programs\MiKTeX\tex/latex/lm\omllmm.fd
File: omllmm.fd 2009/10/30 v1.6 Font defs for Latin Modern
)
LaTeX Font Info:    Trying to load font information for OMS+lmsy on input line 
62.

(C:\Users\Max\AppData\Local\Programs\MiKTeX\tex/latex/lm\omslmsy.fd
File: omslmsy.fd 2009/10/30 v1.6 Font defs for Latin Modern
)
LaTeX Font Info:    Trying to load font information for OMX+lmex on input line 
62.

(C:\Users\Max\AppData\Local\Programs\MiKTeX\tex/latex/lm\omxlmex.fd
File: omxlmex.fd 2009/10/30 v1.6 Font defs for Latin Modern
)
LaTeX Font Info:    External font `lmex10' loaded for size
(Font)              <12> on input line 62.
LaTeX Font Info:    External font `lmex10' loaded for size
(Font)              <8> on input line 62.
LaTeX Font Info:    External font `lmex10' loaded for size
(Font)              <6> on input line 62.
LaTeX Font Info:    Trying to load font information for U+msa on input line 62.


(C:\Users\Max\AppData\Local\Programs\MiKTeX\tex/latex/amsfonts\umsa.fd
File: umsa.fd 2013/01/14 v3.01 AMS symbols A
)
LaTeX Font Info:    Trying to load font information for U+msb on input line 62.


(C:\Users\Max\AppData\Local\Programs\MiKTeX\tex/latex/amsfonts\umsb.fd
File: umsb.fd 2013/01/14 v3.01 AMS symbols B
))
[1

{C:/Users/Max/AppData/Local/MiKTeX/pdftex/config/pdftex.map} <./abb/Logo_OTH_Re
gensburg.png> <./abb/Logo.png>]
LaTeX Font Info:    Trying to load font information for T1+lmss on input line 1
94.

(C:\Users\Max\AppData\Local\Programs\MiKTeX\tex/latex/lm\t1lmss.fd
File: t1lmss.fd 2009/10/30 v1.6 Font defs for Latin Modern
)
(Hauptdatei.toc)
\tf@toc=\write7
\openout7 = `Hauptdatei.toc'.

pdfTeX warning (ext4): destination with the same identifier (name{page.i}) has 
been already used, duplicate ignored
<to be read again> 
                   \relax 
l.196 	\newpage
                [1] (Usability_Guidelines.tex
<abb/1_usability_guidelines/heuristic_constiency.png, id=80, 2890.8pt x 150.562
5pt>
File: abb/1_usability_guidelines/heuristic_constiency.png Graphic file (type pn
g)
<use abb/1_usability_guidelines/heuristic_constiency.png>
Package pdftex.def Info: abb/1_usability_guidelines/heuristic_constiency.png  u
sed on input line 16.
(pdftex.def)             Requested size: 441.01773pt x 22.96936pt.
<abb/1_usability_guidelines/heuristic_avoid_errors.png, id=81, 644.4075pt x 627
.09282pt>
File: abb/1_usability_guidelines/heuristic_avoid_errors.png Graphic file (type 
png)
<use abb/1_usability_guidelines/heuristic_avoid_errors.png>
Package pdftex.def Info: abb/1_usability_guidelines/heuristic_avoid_errors.png 
 used on input line 26.
(pdftex.def)             Requested size: 308.71106pt x 300.42702pt.

Underfull \hbox (badness 10000) in paragraph at lines 22--29

 []

[1 <./abb/1_usability_guidelines/heuristic_constiency.png> <./abb/1_usability_g
uidelines/heuristic_avoid_errors.png>]
<abb/1_usability_guidelines/heuristic_region.png, id=90, 193.47281pt x 614.295p
t>
File: abb/1_usability_guidelines/heuristic_region.png Graphic file (type png)
<use abb/1_usability_guidelines/heuristic_region.png>
Package pdftex.def Info: abb/1_usability_guidelines/heuristic_region.png  used 
on input line 54.
(pdftex.def)             Requested size: 132.30666pt x 420.08653pt.
) [2 <./abb/1_usability_guidelines/heuristic_region.png>] (Context_of_use.tex
Underfull \hbox (badness 10000) in paragraph at lines 17--18

 []

<abb/2_context_of_use/user_journey_map_renting.png, id=104, 1773.62625pt x 610.
28pt>
File: abb/2_context_of_use/user_journey_map_renting.png Graphic file (type png)

<use abb/2_context_of_use/user_journey_map_renting.png>
Package pdftex.def Info: abb/2_context_of_use/user_journey_map_renting.png  use
d on input line 24.
(pdftex.def)             Requested size: 441.01773pt x 151.75015pt.
[3

]
<abb/2_context_of_use/feelings_renting.png, id=109, 1793.70125pt x 398.48875pt>

File: abb/2_context_of_use/feelings_renting.png Graphic file (type png)
<use abb/2_context_of_use/feelings_renting.png>
Package pdftex.def Info: abb/2_context_of_use/feelings_renting.png  used on inp
ut line 34.
(pdftex.def)             Requested size: 441.01773pt x 97.97414pt.
<abb/2_context_of_use/user_journey_map_lending.png, id=110, 1535.7375pt x 858.2
0625pt>
File: abb/2_context_of_use/user_journey_map_lending.png Graphic file (type png)

<use abb/2_context_of_use/user_journey_map_lending.png>
Package pdftex.def Info: abb/2_context_of_use/user_journey_map_lending.png  use
d on input line 44.
(pdftex.def)             Requested size: 441.01773pt x 246.45084pt.
 [4 <./abb/2_context_of_use/user_journey_map_renting.png> <./abb/2_context_of_u
se/feelings_renting.png>]
<abb/2_context_of_use/feelings_lending.png, id=117, 1751.54375pt x 493.845pt>
File: abb/2_context_of_use/feelings_lending.png Graphic file (type png)
<use abb/2_context_of_use/feelings_lending.png>
Package pdftex.def Info: abb/2_context_of_use/feelings_lending.png  used on inp
ut line 51.
(pdftex.def)             Requested size: 441.01773pt x 124.34259pt.
<abb/2_context_of_use/story_renting.jpg, id=118, 1109.14375pt x 907.39pt>
File: abb/2_context_of_use/story_renting.jpg Graphic file (type jpg)
<use abb/2_context_of_use/story_renting.jpg>
Package pdftex.def Info: abb/2_context_of_use/story_renting.jpg  used on input 
line 69.
(pdftex.def)             Requested size: 441.01773pt x 360.78964pt.
 [5 <./abb/2_context_of_use/user_journey_map_lending.png> <./abb/2_context_of_u
se/feelings_lending.png>]
<abb/2_context_of_use/story_lending.jpg, id=126, 1086.0575pt x 926.46124pt>
File: abb/2_context_of_use/story_lending.jpg Graphic file (type jpg)
<use abb/2_context_of_use/story_lending.jpg>
Package pdftex.def Info: abb/2_context_of_use/story_lending.jpg  used on input 
line 78.
(pdftex.def)             Requested size: 441.01773pt x 376.20432pt.
 [6 <./abb/2_context_of_use/story_renting.jpg>]) [7 <./abb/2_context_of_use/sto
ry_lending.jpg>]
(Design_guidelines.tex
LaTeX Font Info:    Trying to load font information for TS1+lmr on input line 5
.

(C:\Users\Max\AppData\Local\Programs\MiKTeX\tex/latex/lm\ts1lmr.fd
File: ts1lmr.fd 2009/10/30 v1.6 Font defs for Latin Modern
)
<abb/3_design_guidelines/stepsleft.png, id=137, 1927.2pt x 1084.05pt>
File: abb/3_design_guidelines/stepsleft.png Graphic file (type png)
<use abb/3_design_guidelines/stepsleft.png>
Package pdftex.def Info: abb/3_design_guidelines/stepsleft.png  used on input l
ine 35.
(pdftex.def)             Requested size: 441.01773pt x 248.06912pt.
 [8]
<abb/3_design_guidelines/cards.png, id=143, 1576.89125pt x 799.98875pt>
File: abb/3_design_guidelines/cards.png Graphic file (type png)
<use abb/3_design_guidelines/cards.png>
Package pdftex.def Info: abb/3_design_guidelines/cards.png  used on input line 
46.
(pdftex.def)             Requested size: 441.01773pt x 223.72678pt.

[9 <./abb/3_design_guidelines/stepsleft.png> <./abb/3_design_guidelines/cards.p
ng>]
<abb/3_design_guidelines/rate.png, id=154, 1927.2pt x 1084.05pt>
File: abb/3_design_guidelines/rate.png Graphic file (type png)
<use abb/3_design_guidelines/rate.png>
Package pdftex.def Info: abb/3_design_guidelines/rate.png  used on input line 6
1.
(pdftex.def)             Requested size: 441.01773pt x 248.06912pt.
 [10 <./abb/3_design_guidelines/rate.png>]
<abb/3_design_guidelines/calendar_picker.png, id=168, 977.6525pt x 109.40875pt>

File: abb/3_design_guidelines/calendar_picker.png Graphic file (type png)
<use abb/3_design_guidelines/calendar_picker.png>
Package pdftex.def Info: abb/3_design_guidelines/calendar_picker.png  used on i
nput line 90.
(pdftex.def)             Requested size: 441.01773pt x 49.35533pt.
<abb/3_design_guidelines/messages_1.png, id=169, 1927.2pt x 1084.05pt>
File: abb/3_design_guidelines/messages_1.png Graphic file (type png)
<use abb/3_design_guidelines/messages_1.png>
Package pdftex.def Info: abb/3_design_guidelines/messages_1.png  used on input 
line 104.
(pdftex.def)             Requested size: 216.1011pt x 121.5451pt.
<abb/3_design_guidelines/messages_2.png, id=170, 1927.2pt x 1084.05pt>
File: abb/3_design_guidelines/messages_2.png Graphic file (type png)
<use abb/3_design_guidelines/messages_2.png>
Package pdftex.def Info: abb/3_design_guidelines/messages_2.png  used on input 
line 105.
(pdftex.def)             Requested size: 216.1011pt x 121.5451pt.
<abb/3_design_guidelines/dropdown_shortcut.png, id=171, 1562.83875pt x 861.2175
pt>
File: abb/3_design_guidelines/dropdown_shortcut.png Graphic file (type png)
<use abb/3_design_guidelines/dropdown_shortcut.png>
Package pdftex.def Info: abb/3_design_guidelines/dropdown_shortcut.png  used on
 input line 119.
(pdftex.def)             Requested size: 441.01773pt x 243.01843pt.
 [11 <./abb/3_design_guidelines/calendar_picker.png> <./abb/3_design_guidelines
/messages_1.png> <./abb/3_design_guidelines/messages_2.png>]) [12 <./abb/3_desi
gn_guidelines/dropdown_shortcut.png>] (Information_Architecture.tex) [13] (Comp
etitive_analysis.tex) [14]
(Sketching.tex
<abb/6_Sketching and Paper Prototyping/Homepage1.png, id=204, 1706.375pt x 1452
.42625pt>
File: abb/6_Sketching and Paper Prototyping/Homepage1.png Graphic file (type pn
g)
<use abb/6_Sketching and Paper Prototyping/Homepage1.png>
Package pdftex.def Info: abb/6_Sketching and Paper Prototyping/Homepage1.png  u
sed on input line 11.
(pdftex.def)             Requested size: 441.01773pt x 375.38353pt.
<abb/6_Sketching and Paper Prototyping/Homepage2.png, id=205, 1335.99126pt x 71
4.67pt>
File: abb/6_Sketching and Paper Prototyping/Homepage2.png Graphic file (type pn
g)
<use abb/6_Sketching and Paper Prototyping/Homepage2.png>
Package pdftex.def Info: abb/6_Sketching and Paper Prototyping/Homepage2.png  u
sed on input line 22.
(pdftex.def)             Requested size: 441.01773pt x 235.91815pt.
 [15 <./abb/6_Sketching and Paper Prototyping/Homepage1.png>]
<abb/6_Sketching and Paper Prototyping/Homepage3.png, id=211, 1120.185pt x 822.
07124pt>
File: abb/6_Sketching and Paper Prototyping/Homepage3.png Graphic file (type pn
g)
<use abb/6_Sketching and Paper Prototyping/Homepage3.png>
Package pdftex.def Info: abb/6_Sketching and Paper Prototyping/Homepage3.png  u
sed on input line 32.
(pdftex.def)             Requested size: 441.01773pt x 323.65463pt.
<abb/6_Sketching and Paper Prototyping/Homepage4.png, id=212, 1120.185pt x 814.
04124pt>
File: abb/6_Sketching and Paper Prototyping/Homepage4.png Graphic file (type pn
g)
<use abb/6_Sketching and Paper Prototyping/Homepage4.png>
Package pdftex.def Info: abb/6_Sketching and Paper Prototyping/Homepage4.png  u
sed on input line 40.
(pdftex.def)             Requested size: 396.91325pt x 288.43391pt.

[16 <./abb/6_Sketching and Paper Prototyping/Homepage2.png> <./abb/6_Sketching 
and Paper Prototyping/Homepage3.png>]
<abb/6_Sketching and Paper Prototyping/Homepage5.png, id=221, 462.528pt x 260.1
72pt>
File: abb/6_Sketching and Paper Prototyping/Homepage5.png Graphic file (type pn
g)
<use abb/6_Sketching and Paper Prototyping/Homepage5.png>
Package pdftex.def Info: abb/6_Sketching and Paper Prototyping/Homepage5.png  u
sed on input line 50.
(pdftex.def)             Requested size: 441.01773pt x 248.083pt.
) [17 <./abb/6_Sketching and Paper Prototyping/Homepage4.png> <./abb/6_Sketchin
g and Paper Prototyping/Homepage5.png>]
(Prototyping_with_figma.tex
Overfull \hbox (23.6075pt too wide) in paragraph at lines 3--4
[]$\T1/lmtt/m/n/12 https : / / www . figma . com / proto / Ws8rKV3H7ABW2wMOwyFc
fj / Lend -[] n -[] Rent ? node -[] id = 102 %
 []


Overfull \hbox (43.10449pt too wide) in paragraph at lines 3--4
\T1/lmtt/m/n/12 3A17674 & scaling = min -[] zoom & page -[] id = 96 % 3A14807 &
 starting -[] point -[] node -[] id = 102 % 3A17674$[] 
 []

<abb/1landing.png, id=232, 1460.45625pt x 827.34094pt>
File: abb/1landing.png Graphic file (type png)
<use abb/1landing.png>
Package pdftex.def Info: abb/1landing.png  used on input line 10.
(pdftex.def)             Requested size: 220.50887pt x 124.91635pt.
<abb/11profilerent.png, id=233, 1464.2203pt x 825.83531pt>
File: abb/11profilerent.png Graphic file (type png)
<use abb/11profilerent.png>
Package pdftex.def Info: abb/11profilerent.png  used on input line 20.
(pdftex.def)             Requested size: 216.1011pt x 121.87895pt.
<abb/6profilelend.png, id=234, 1461.20906pt x 827.34094pt>
File: abb/6profilelend.png Graphic file (type png)
<use abb/6profilelend.png>
Package pdftex.def Info: abb/6profilelend.png  used on input line 21.
(pdftex.def)             Requested size: 216.1011pt x 122.35364pt.
<abb/2offer.png, id=235, 1460.45625pt x 828.09375pt>
File: abb/2offer.png Graphic file (type png)
<use abb/2offer.png>
Package pdftex.def Info: abb/2offer.png  used on input line 32.
(pdftex.def)             Requested size: 220.50887pt x 125.03001pt.
[18 <./abb/1landing.png> <./abb/11profilerent.png> <./abb/6profilelend.png> <./
abb/2offer.png>]
<abb/4item.png, id=248, 1948.27875pt x 1104.125pt>
File: abb/4item.png Graphic file (type png)
<use abb/4item.png>
Package pdftex.def Info: abb/4item.png  used on input line 42.
(pdftex.def)             Requested size: 216.1011pt x 122.46498pt.
<abb/3offers.png, id=249, 1461.20906pt x 828.09375pt>
File: abb/3offers.png Graphic file (type png)
<use abb/3offers.png>
Package pdftex.def Info: abb/3offers.png  used on input line 43.
(pdftex.def)             Requested size: 216.1011pt x 122.46498pt.
<abb/8start.png, id=250, 1461.20906pt x 864.98157pt>
File: abb/8start.png Graphic file (type png)
<use abb/8start.png>
Package pdftex.def Info: abb/8start.png  used on input line 54.
(pdftex.def)             Requested size: 220.50887pt x 130.52034pt.
<abb/9search.png, id=251, 1461.20906pt x 826.58812pt>
File: abb/9search.png Graphic file (type png)
<use abb/9search.png>
Package pdftex.def Info: abb/9search.png  used on input line 65.
(pdftex.def)             Requested size: 216.1011pt x 122.24231pt.
<abb/10itemrent.png, id=252, 1459.70343pt x 827.34094pt>
File: abb/10itemrent.png Graphic file (type png)
<use abb/10itemrent.png>
Package pdftex.def Info: abb/10itemrent.png  used on input line 66.
(pdftex.def)             Requested size: 216.1011pt x 122.47989pt.
 [19 <./abb/4item.png> <./abb/3offers.png> <./abb/8start.png> <./abb/9search.pn
g> <./abb/10itemrent.png>]
<abb/12step2.png, id=263, 1461.20906pt x 825.0825pt>
File: abb/12step2.png Graphic file (type png)
<use abb/12step2.png>
Package pdftex.def Info: abb/12step2.png  used on input line 78.
(pdftex.def)             Requested size: 216.1011pt x 122.01965pt.
<abb/5step1.png, id=264, 1451.4225pt x 826.58812pt>
File: abb/5step1.png Graphic file (type png)
<use abb/5step1.png>
Package pdftex.def Info: abb/5step1.png  used on input line 79.
(pdftex.def)             Requested size: 216.1011pt x 123.06213pt.
<abb/13step3.png, id=265, 1464.2203pt x 825.83531pt>
File: abb/13step3.png Graphic file (type png)
<use abb/13step3.png>
Package pdftex.def Info: abb/13step3.png  used on input line 90.
(pdftex.def)             Requested size: 216.1011pt x 121.87895pt.
<abb/14step3con.png, id=266, 1461.20906pt x 826.58812pt>
File: abb/14step3con.png Graphic file (type png)
<use abb/14step3con.png>
Package pdftex.def Info: abb/14step3con.png  used on input line 91.
(pdftex.def)             Requested size: 216.1011pt x 122.24231pt.
<abb/15step4.png, id=267, 1461.20906pt x 824.32968pt>
File: abb/15step4.png Graphic file (type png)
<use abb/15step4.png>
Package pdftex.def Info: abb/15step4.png  used on input line 102.
(pdftex.def)             Requested size: 216.1011pt x 121.90831pt.
<abb/16step4con.png, id=268, 1461.20906pt x 823.57687pt>
File: abb/16step4con.png Graphic file (type png)
<use abb/16step4con.png>
Package pdftex.def Info: abb/16step4con.png  used on input line 103.
(pdftex.def)             Requested size: 216.1011pt x 121.79698pt.
 [20 <./abb/12step2.png> <./abb/5step1.png> <./abb/13step3.png> <./abb/14step3c
on.png> <./abb/15step4.png> <./abb/16step4con.png>]
<abb/17step5.png, id=282, 1458.95062pt x 824.32968pt>
File: abb/17step5.png Graphic file (type png)
<use abb/17step5.png>
Package pdftex.def Info: abb/17step5.png  used on input line 115.
(pdftex.def)             Requested size: 216.1011pt x 122.09698pt.
<abb/18step6.png, id=283, 1461.96187pt x 822.07124pt>
File: abb/18step6.png Graphic file (type png)
<use abb/18step6.png>
Package pdftex.def Info: abb/18step6.png  used on input line 116.
(pdftex.def)             Requested size: 216.1011pt x 121.5116pt.
<abb/19step7.png, id=284, 1463.4675pt x 823.57687pt>
File: abb/19step7.png Graphic file (type png)
<use abb/19step7.png>
Package pdftex.def Info: abb/19step7.png  used on input line 127.
(pdftex.def)             Requested size: 216.1011pt x 121.60847pt.
<abb/20steplast.png, id=285, 1458.95062pt x 822.07124pt>
File: abb/20steplast.png Graphic file (type png)
<use abb/20steplast.png>
Package pdftex.def Info: abb/20steplast.png  used on input line 128.
(pdftex.def)             Requested size: 216.1011pt x 121.76248pt.
<abb/22chatrent.png, id=286, 1461.96187pt x 825.83531pt>
File: abb/22chatrent.png Graphic file (type png)
<use abb/22chatrent.png>
Package pdftex.def Info: abb/22chatrent.png  used on input line 139.
(pdftex.def)             Requested size: 216.1011pt x 122.06798pt.
<abb/21chatlend.png, id=287, 1462.71469pt x 826.58812pt>
File: abb/21chatlend.png Graphic file (type png)
<use abb/21chatlend.png>
Package pdftex.def Info: abb/21chatlend.png  used on input line 140.
(pdftex.def)             Requested size: 216.1011pt x 122.11618pt.
) [21 <./abb/17step5.png> <./abb/18step6.png> <./abb/19step7.png> <./abb/20step
last.png> <./abb/22chatrent.png> <./abb/21chatlend.png>]
(Evaluation.tex) [22] (Recap.tex) [23]

Class scrartcl Warning: You are using `\begin{appendix}...\end{appendix}'.
(scrartcl)              You should note, that `\appendix' is a mostly globally
(scrartcl)              working command not an enviroment with only local
(scrartcl)              effects. Therefore `\end{appendix}' will neither
(scrartcl)              switch back to normal section numbering nor finish
(scrartcl)              every other effect of `\begin{appendix}'.
(scrartcl)              Nevertheless, some effects may end with
(scrartcl)              `\end{appendix}' and the document may become
(scrartcl)              inconsistent.
(scrartcl)              Because of this, you should remove `\end{appendix}'
(scrartcl)              and replace `\begin{appendix}' by command
(scrartcl)              `\appendix' on input line 294.

(Hauptdatei.bbl

LaTeX Warning: Empty `thebibliography' environment or \BreakBibliography
               before end of `thebibliography' environment on input line 10.

) [24]

LaTeX3 Info: Redefining command \BeforeClosingMainAux with sig. 'm' on line
(LaTeX3)     323.


LaTeX3 Info: Redefining command \BeforeClosingMainAux with sig. 'm' on line
(LaTeX3)     323.


LaTeX3 Info: Redefining command \BeforeClosingMainAux with sig. 'm' on line
(LaTeX3)     323.

 (Hauptdatei.aux)

LaTeX Warning: There were multiply-defined labels.

Package rerunfilecheck Info: File `Hauptdatei.out' has not changed.
(rerunfilecheck)             Checksum: D41D8CD98F00B204E9800998ECF8427E;0.
 ) 
Here is how much of TeX's memory you used:
 19032 strings out of 479334
 321278 string characters out of 2858034
 920942 words of memory out of 3000000
 35957 multiletter control sequences out of 15000+200000
 443542 words of font info for 56 fonts, out of 3000000 for 9000
 1145 hyphenation exceptions out of 8191
 111i,11n,116p,10607b,432s stack positions out of 5000i,500n,10000p,200000b,50000s
{C:/Users/Max/AppData/Local/Programs/MiKTeX/fonts/enc/dvips/lm/lm-ec.enc}{C:/
Users/Max/AppData/Local/Programs/MiKTeX/fonts/enc/dvips/lm/lm-ts1.enc}<C:/Users
/Max/AppData/Local/Programs/MiKTeX/fonts/type1/public/lm/lmbx12.pfb><C:/Users/M
ax/AppData/Local/Programs/MiKTeX/fonts/type1/public/lm/lmr12.pfb><C:/Users/Max/
AppData/Local/Programs/MiKTeX/fonts/type1/public/lm/lmr17.pfb><C:/Users/Max/App
Data/Local/Programs/MiKTeX/fonts/type1/public/lm/lmssbx10.pfb><C:/Users/Max/App
Data/Local/Programs/MiKTeX/fonts/type1/public/lm/lmtt12.pfb>
Output written on Hauptdatei.pdf (26 pages, 15581455 bytes).
PDF statistics:
 448 PDF objects out of 1000 (max. 8388607)
 114 named destinations out of 1000 (max. 500000)
 453 words of extra memory for PDF output out of 10000 (max. 10000000)

